[31merror[39m: 	[31muncaughtException: listen EADDRINUSE: address already in use :::3002[39m
[31mError: listen EADDRINUSE: address already in use :::3002[39m
[31m    at Server.setupListenHandle [as _listen2] (node:net:1305:16)[39m
[31m    at listenInCluster (node:net:1353:12)[39m
[31m    at Server.listen (node:net:1440:7)[39m
[31m    at Function.listen (/Users/tina/Documents/nodejs-typescript-starter/node_modules/express/lib/application.js:618:24)[39m
[31m    at Object.<anonymous> (/Users/tina/Documents/nodejs-typescript-starter/src/bin/server.ts:11:5)[39m
[31m    at Module._compile (node:internal/modules/cjs/loader:1095:14)[39m
[31m    at Module.m._compile (/Users/tina/Documents/nodejs-typescript-starter/node_modules/ts-node/src/index.ts:1295:23)[39m
[31m    at Module._extensions..js (node:internal/modules/cjs/loader:1124:10)[39m
[31m    at Object.require.extensions.<computed> [as .ts] (/Users/tina/Documents/nodejs-typescript-starter/node_modules/ts-node/src/index.ts:1298:12)[39m
[31m    at Module.load (node:internal/modules/cjs/loader:975:32)[39m
[31m    at Function.Module._load (node:internal/modules/cjs/loader:816:12)[39m
[31m    at Function.executeUserEntryPoint [as runMain] (node:internal/modules/run_main:79:12)[39m
[31m    at main (/Users/tina/Documents/nodejs-typescript-starter/node_modules/ts-node/src/bin.ts:246:14)[39m
[31m    at Object.<anonymous> (/Users/tina/Documents/nodejs-typescript-starter/node_modules/ts-node/src/bin.ts:382:3)[39m
[31m    at Module._compile (node:internal/modules/cjs/loader:1095:14)[39m
[31m    at Object.Module._extensions..js (node:internal/modules/cjs/loader:1124:10)[39m -- ⏰ [27/07/2021, 21:31:21] Label🏷️ 
[31merror[39m: 	[31muncaughtException: listen EADDRINUSE: address already in use :::3002[39m
[31mError: listen EADDRINUSE: address already in use :::3002[39m
[31m    at Server.setupListenHandle [as _listen2] (node:net:1305:16)[39m
[31m    at listenInCluster (node:net:1353:12)[39m
[31m    at Server.listen (node:net:1440:7)[39m
[31m    at Function.listen (/Users/tina/Documents/nodejs-typescript-starter/node_modules/express/lib/application.js:618:24)[39m
[31m    at Object.<anonymous> (/Users/tina/Documents/nodejs-typescript-starter/src/bin/server.ts:11:5)[39m
[31m    at Module._compile (node:internal/modules/cjs/loader:1095:14)[39m
[31m    at Module.m._compile (/Users/tina/Documents/nodejs-typescript-starter/node_modules/ts-node/src/index.ts:1295:23)[39m
[31m    at Module._extensions..js (node:internal/modules/cjs/loader:1124:10)[39m
[31m    at Object.require.extensions.<computed> [as .ts] (/Users/tina/Documents/nodejs-typescript-starter/node_modules/ts-node/src/index.ts:1298:12)[39m
[31m    at Module.load (node:internal/modules/cjs/loader:975:32)[39m
[31m    at Function.Module._load (node:internal/modules/cjs/loader:816:12)[39m
[31m    at Function.executeUserEntryPoint [as runMain] (node:internal/modules/run_main:79:12)[39m
[31m    at main (/Users/tina/Documents/nodejs-typescript-starter/node_modules/ts-node/src/bin.ts:246:14)[39m
[31m    at Object.<anonymous> (/Users/tina/Documents/nodejs-typescript-starter/node_modules/ts-node/src/bin.ts:382:3)[39m
[31m    at Module._compile (node:internal/modules/cjs/loader:1095:14)[39m
[31m    at Object.Module._extensions..js (node:internal/modules/cjs/loader:1124:10)[39m -- ⏰ [27/07/2021, 21:35:58] Label🏷️ 
[34minfo[39m: 	[34mconnected[39m -- ⏰ [27/07/2021, 21:36:07] Label🏷️ 
[34minfo[39m: 	[34mApp is running at 3002[39m -- ⏰ [27/07/2021, 21:36:07] Label🏷️ 
[31merror[39m: 	[31muncaughtException: listen EADDRINUSE: address already in use :::3002[39m
[31mError: listen EADDRINUSE: address already in use :::3002[39m
[31m    at Server.setupListenHandle [as _listen2] (node:net:1305:16)[39m
[31m    at listenInCluster (node:net:1353:12)[39m
[31m    at Server.listen (node:net:1440:7)[39m
[31m    at Function.listen (/Users/tina/Documents/nodejs-typescript-starter/node_modules/express/lib/application.js:618:24)[39m
[31m    at Object.<anonymous> (/Users/tina/Documents/nodejs-typescript-starter/src/bin/server.ts:11:5)[39m
[31m    at Module._compile (node:internal/modules/cjs/loader:1095:14)[39m
[31m    at Module.m._compile (/Users/tina/Documents/nodejs-typescript-starter/node_modules/ts-node/src/index.ts:1295:23)[39m
[31m    at Module._extensions..js (node:internal/modules/cjs/loader:1124:10)[39m
[31m    at Object.require.extensions.<computed> [as .ts] (/Users/tina/Documents/nodejs-typescript-starter/node_modules/ts-node/src/index.ts:1298:12)[39m
[31m    at Module.load (node:internal/modules/cjs/loader:975:32)[39m
[31m    at Function.Module._load (node:internal/modules/cjs/loader:816:12)[39m
[31m    at Function.executeUserEntryPoint [as runMain] (node:internal/modules/run_main:79:12)[39m
[31m    at main (/Users/tina/Documents/nodejs-typescript-starter/node_modules/ts-node/src/bin.ts:246:14)[39m
[31m    at Object.<anonymous> (/Users/tina/Documents/nodejs-typescript-starter/node_modules/ts-node/src/bin.ts:382:3)[39m
[31m    at Module._compile (node:internal/modules/cjs/loader:1095:14)[39m
[31m    at Object.Module._extensions..js (node:internal/modules/cjs/loader:1124:10)[39m -- ⏰ [27/07/2021, 21:37:02] Label🏷️ 
[34minfo[39m: 	[34mconnected[39m -- ⏰ [27/07/2021, 21:37:04] Label🏷️ 
[34minfo[39m: 	[34mApp is running at 3002[39m -- ⏰ [27/07/2021, 21:37:04] Label🏷️ 
[34minfo[39m: 	[34mconnected[39m -- ⏰ [27/07/2021, 21:37:33] Label🏷️ 
[34minfo[39m: 	[34mApp is running at 3012[39m -- ⏰ [27/07/2021, 21:37:33] Label🏷️ 
[31merror[39m: 	[31muncaughtException: listen EADDRINUSE: address already in use :::3012[39m
[31mError: listen EADDRINUSE: address already in use :::3012[39m
[31m    at Server.setupListenHandle [as _listen2] (node:net:1305:16)[39m
[31m    at listenInCluster (node:net:1353:12)[39m
[31m    at Server.listen (node:net:1440:7)[39m
[31m    at Function.listen (/Users/tina/Documents/nodejs-typescript-starter/node_modules/express/lib/application.js:618:24)[39m
[31m    at Object.<anonymous> (/Users/tina/Documents/nodejs-typescript-starter/src/bin/server.ts:10:5)[39m
[31m    at Module._compile (node:internal/modules/cjs/loader:1095:14)[39m
[31m    at Module.m._compile (/Users/tina/Documents/nodejs-typescript-starter/node_modules/ts-node/src/index.ts:1295:23)[39m
[31m    at Module._extensions..js (node:internal/modules/cjs/loader:1124:10)[39m
[31m    at Object.require.extensions.<computed> [as .ts] (/Users/tina/Documents/nodejs-typescript-starter/node_modules/ts-node/src/index.ts:1298:12)[39m
[31m    at Module.load (node:internal/modules/cjs/loader:975:32)[39m
[31m    at Function.Module._load (node:internal/modules/cjs/loader:816:12)[39m
[31m    at Function.executeUserEntryPoint [as runMain] (node:internal/modules/run_main:79:12)[39m
[31m    at main (/Users/tina/Documents/nodejs-typescript-starter/node_modules/ts-node/src/bin.ts:246:14)[39m
[31m    at Object.<anonymous> (/Users/tina/Documents/nodejs-typescript-starter/node_modules/ts-node/src/bin.ts:382:3)[39m
[31m    at Module._compile (node:internal/modules/cjs/loader:1095:14)[39m
[31m    at Object.Module._extensions..js (node:internal/modules/cjs/loader:1124:10)[39m -- ⏰ [27/07/2021, 21:37:44] Label🏷️ 
[34minfo[39m: 	[34mconnected[39m -- ⏰ [27/07/2021, 21:37:46] Label🏷️ 
[34minfo[39m: 	[34mApp is running at 3012[39m -- ⏰ [27/07/2021, 21:37:46] Label🏷️ 
[31merror[39m: 	[31muncaughtException: listen EADDRINUSE: address already in use :::3012[39m
[31mError: listen EADDRINUSE: address already in use :::3012[39m
[31m    at Server.setupListenHandle [as _listen2] (node:net:1305:16)[39m
[31m    at listenInCluster (node:net:1353:12)[39m
[31m    at Server.listen (node:net:1440:7)[39m
[31m    at Function.listen (/Users/tina/Documents/nodejs-typescript-starter/node_modules/express/lib/application.js:618:24)[39m
[31m    at Object.<anonymous> (/Users/tina/Documents/nodejs-typescript-starter/src/bin/server.ts:10:5)[39m
[31m    at Module._compile (node:internal/modules/cjs/loader:1095:14)[39m
[31m    at Module.m._compile (/Users/tina/Documents/nodejs-typescript-starter/node_modules/ts-node/src/index.ts:1295:23)[39m
[31m    at Module._extensions..js (node:internal/modules/cjs/loader:1124:10)[39m
[31m    at Object.require.extensions.<computed> [as .ts] (/Users/tina/Documents/nodejs-typescript-starter/node_modules/ts-node/src/index.ts:1298:12)[39m
[31m    at Module.load (node:internal/modules/cjs/loader:975:32)[39m
[31m    at Function.Module._load (node:internal/modules/cjs/loader:816:12)[39m
[31m    at Function.executeUserEntryPoint [as runMain] (node:internal/modules/run_main:79:12)[39m
[31m    at main (/Users/tina/Documents/nodejs-typescript-starter/node_modules/ts-node/src/bin.ts:246:14)[39m
[31m    at Object.<anonymous> (/Users/tina/Documents/nodejs-typescript-starter/node_modules/ts-node/src/bin.ts:382:3)[39m
[31m    at Module._compile (node:internal/modules/cjs/loader:1095:14)[39m
[31m    at Object.Module._extensions..js (node:internal/modules/cjs/loader:1124:10)[39m -- ⏰ [27/07/2021, 21:38:03] Label🏷️ 
[34minfo[39m: 	[34mconnected[39m -- ⏰ [27/07/2021, 21:38:06] Label🏷️ 
[34minfo[39m: 	[34mApp is running at 3012[39m -- ⏰ [27/07/2021, 21:38:06] Label🏷️ 
[31merror[39m: 	[31muncaughtException: listen EADDRINUSE: address already in use :::3012[39m
[31mError: listen EADDRINUSE: address already in use :::3012[39m
[31m    at Server.setupListenHandle [as _listen2] (node:net:1305:16)[39m
[31m    at listenInCluster (node:net:1353:12)[39m
[31m    at Server.listen (node:net:1440:7)[39m
[31m    at Function.listen (/Users/tina/Documents/nodejs-typescript-starter/node_modules/express/lib/application.js:618:24)[39m
[31m    at Object.<anonymous> (/Users/tina/Documents/nodejs-typescript-starter/src/bin/server.ts:10:5)[39m
[31m    at Module._compile (node:internal/modules/cjs/loader:1095:14)[39m
[31m    at Module.m._compile (/Users/tina/Documents/nodejs-typescript-starter/node_modules/ts-node/src/index.ts:1295:23)[39m
[31m    at Module._extensions..js (node:internal/modules/cjs/loader:1124:10)[39m
[31m    at Object.require.extensions.<computed> [as .ts] (/Users/tina/Documents/nodejs-typescript-starter/node_modules/ts-node/src/index.ts:1298:12)[39m
[31m    at Module.load (node:internal/modules/cjs/loader:975:32)[39m
[31m    at Function.Module._load (node:internal/modules/cjs/loader:816:12)[39m
[31m    at Function.executeUserEntryPoint [as runMain] (node:internal/modules/run_main:79:12)[39m
[31m    at main (/Users/tina/Documents/nodejs-typescript-starter/node_modules/ts-node/src/bin.ts:246:14)[39m
[31m    at Object.<anonymous> (/Users/tina/Documents/nodejs-typescript-starter/node_modules/ts-node/src/bin.ts:382:3)[39m
[31m    at Module._compile (node:internal/modules/cjs/loader:1095:14)[39m
[31m    at Object.Module._extensions..js (node:internal/modules/cjs/loader:1124:10)[39m -- ⏰ [27/07/2021, 21:38:11] Label🏷️ 
[34minfo[39m: 	[34mconnected[39m -- ⏰ [27/07/2021, 21:38:16] Label🏷️ 
[34minfo[39m: 	[34mApp is running at 3012[39m -- ⏰ [27/07/2021, 21:38:16] Label🏷️ 
[31merror[39m: 	[31muncaughtException: listen EADDRINUSE: address already in use :::3012[39m
[31mError: listen EADDRINUSE: address already in use :::3012[39m
[31m    at Server.setupListenHandle [as _listen2] (node:net:1305:16)[39m
[31m    at listenInCluster (node:net:1353:12)[39m
[31m    at Server.listen (node:net:1440:7)[39m
[31m    at Function.listen (/Users/tina/Documents/nodejs-typescript-starter/node_modules/express/lib/application.js:618:24)[39m
[31m    at Object.<anonymous> (/Users/tina/Documents/nodejs-typescript-starter/src/bin/server.ts:10:5)[39m
[31m    at Module._compile (node:internal/modules/cjs/loader:1095:14)[39m
[31m    at Module.m._compile (/Users/tina/Documents/nodejs-typescript-starter/node_modules/ts-node/src/index.ts:1295:23)[39m
[31m    at Module._extensions..js (node:internal/modules/cjs/loader:1124:10)[39m
[31m    at Object.require.extensions.<computed> [as .ts] (/Users/tina/Documents/nodejs-typescript-starter/node_modules/ts-node/src/index.ts:1298:12)[39m
[31m    at Module.load (node:internal/modules/cjs/loader:975:32)[39m
[31m    at Function.Module._load (node:internal/modules/cjs/loader:816:12)[39m
[31m    at Function.executeUserEntryPoint [as runMain] (node:internal/modules/run_main:79:12)[39m
[31m    at main (/Users/tina/Documents/nodejs-typescript-starter/node_modules/ts-node/src/bin.ts:246:14)[39m
[31m    at Object.<anonymous> (/Users/tina/Documents/nodejs-typescript-starter/node_modules/ts-node/src/bin.ts:382:3)[39m
[31m    at Module._compile (node:internal/modules/cjs/loader:1095:14)[39m
[31m    at Object.Module._extensions..js (node:internal/modules/cjs/loader:1124:10)[39m -- ⏰ [27/07/2021, 21:38:25] Label🏷️ 
[34minfo[39m: 	[34mconnected[39m -- ⏰ [27/07/2021, 21:38:26] Label🏷️ 
[34minfo[39m: 	[34mApp is running at 3012[39m -- ⏰ [27/07/2021, 21:38:26] Label🏷️ 
[31merror[39m: 	[31muncaughtException: listen EADDRINUSE: address already in use :::3012[39m
[31mError: listen EADDRINUSE: address already in use :::3012[39m
[31m    at Server.setupListenHandle [as _listen2] (node:net:1305:16)[39m
[31m    at listenInCluster (node:net:1353:12)[39m
[31m    at Server.listen (node:net:1440:7)[39m
[31m    at Function.listen (/Users/tina/Documents/nodejs-typescript-starter/node_modules/express/lib/application.js:618:24)[39m
[31m    at Object.<anonymous> (/Users/tina/Documents/nodejs-typescript-starter/src/bin/server.ts:10:5)[39m
[31m    at Module._compile (node:internal/modules/cjs/loader:1095:14)[39m
[31m    at Module.m._compile (/Users/tina/Documents/nodejs-typescript-starter/node_modules/ts-node/src/index.ts:1295:23)[39m
[31m    at Module._extensions..js (node:internal/modules/cjs/loader:1124:10)[39m
[31m    at Object.require.extensions.<computed> [as .ts] (/Users/tina/Documents/nodejs-typescript-starter/node_modules/ts-node/src/index.ts:1298:12)[39m
[31m    at Module.load (node:internal/modules/cjs/loader:975:32)[39m
[31m    at Function.Module._load (node:internal/modules/cjs/loader:816:12)[39m
[31m    at Function.executeUserEntryPoint [as runMain] (node:internal/modules/run_main:79:12)[39m
[31m    at main (/Users/tina/Documents/nodejs-typescript-starter/node_modules/ts-node/src/bin.ts:246:14)[39m
[31m    at Object.<anonymous> (/Users/tina/Documents/nodejs-typescript-starter/node_modules/ts-node/src/bin.ts:382:3)[39m
[31m    at Module._compile (node:internal/modules/cjs/loader:1095:14)[39m
[31m    at Object.Module._extensions..js (node:internal/modules/cjs/loader:1124:10)[39m -- ⏰ [27/07/2021, 21:45:02] Label🏷️ 
[34minfo[39m: 	[34mconnected[39m -- ⏰ [27/07/2021, 21:45:10] Label🏷️ 
[34minfo[39m: 	[34mApp is running at 3012[39m -- ⏰ [27/07/2021, 21:45:10] Label🏷️ 
[31merror[39m: 	[31muncaughtException: listen EADDRINUSE: address already in use :::3012[39m
[31mError: listen EADDRINUSE: address already in use :::3012[39m
[31m    at Server.setupListenHandle [as _listen2] (node:net:1305:16)[39m
[31m    at listenInCluster (node:net:1353:12)[39m
[31m    at Server.listen (node:net:1440:7)[39m
[31m    at Function.listen (/Users/tina/Documents/nodejs-typescript-starter/node_modules/express/lib/application.js:618:24)[39m
[31m    at Object.<anonymous> (/Users/tina/Documents/nodejs-typescript-starter/src/bin/server.ts:10:5)[39m
[31m    at Module._compile (node:internal/modules/cjs/loader:1095:14)[39m
[31m    at Module.m._compile (/Users/tina/Documents/nodejs-typescript-starter/node_modules/ts-node/src/index.ts:1295:23)[39m
[31m    at Module._extensions..js (node:internal/modules/cjs/loader:1124:10)[39m
[31m    at Object.require.extensions.<computed> [as .ts] (/Users/tina/Documents/nodejs-typescript-starter/node_modules/ts-node/src/index.ts:1298:12)[39m
[31m    at Module.load (node:internal/modules/cjs/loader:975:32)[39m
[31m    at Function.Module._load (node:internal/modules/cjs/loader:816:12)[39m
[31m    at Function.executeUserEntryPoint [as runMain] (node:internal/modules/run_main:79:12)[39m
[31m    at main (/Users/tina/Documents/nodejs-typescript-starter/node_modules/ts-node/src/bin.ts:246:14)[39m
[31m    at Object.<anonymous> (/Users/tina/Documents/nodejs-typescript-starter/node_modules/ts-node/src/bin.ts:382:3)[39m
[31m    at Module._compile (node:internal/modules/cjs/loader:1095:14)[39m
[31m    at Object.Module._extensions..js (node:internal/modules/cjs/loader:1124:10)[39m -- ⏰ [27/07/2021, 22:08:59] Label🏷️ 
[34minfo[39m: 	[34mconnected[39m -- ⏰ [27/07/2021, 22:09:09] Label🏷️ 
[34minfo[39m: 	[34mApp is running at 3012[39m -- ⏰ [27/07/2021, 22:09:09] Label🏷️ 
[31merror[39m: 	[31muncaughtException: listen EADDRINUSE: address already in use :::3012[39m
[31mError: listen EADDRINUSE: address already in use :::3012[39m
[31m    at Server.setupListenHandle [as _listen2] (node:net:1305:16)[39m
[31m    at listenInCluster (node:net:1353:12)[39m
[31m    at Server.listen (node:net:1440:7)[39m
[31m    at Function.listen (/Users/tina/Documents/nodejs-typescript-starter/node_modules/express/lib/application.js:618:24)[39m
[31m    at Object.<anonymous> (/Users/tina/Documents/nodejs-typescript-starter/src/bin/server.ts:10:5)[39m
[31m    at Module._compile (node:internal/modules/cjs/loader:1095:14)[39m
[31m    at Module.m._compile (/Users/tina/Documents/nodejs-typescript-starter/node_modules/ts-node/src/index.ts:1295:23)[39m
[31m    at Module._extensions..js (node:internal/modules/cjs/loader:1124:10)[39m
[31m    at Object.require.extensions.<computed> [as .ts] (/Users/tina/Documents/nodejs-typescript-starter/node_modules/ts-node/src/index.ts:1298:12)[39m
[31m    at Module.load (node:internal/modules/cjs/loader:975:32)[39m
[31m    at Function.Module._load (node:internal/modules/cjs/loader:816:12)[39m
[31m    at Function.executeUserEntryPoint [as runMain] (node:internal/modules/run_main:79:12)[39m
[31m    at main (/Users/tina/Documents/nodejs-typescript-starter/node_modules/ts-node/src/bin.ts:246:14)[39m
[31m    at Object.<anonymous> (/Users/tina/Documents/nodejs-typescript-starter/node_modules/ts-node/src/bin.ts:382:3)[39m
[31m    at Module._compile (node:internal/modules/cjs/loader:1095:14)[39m
[31m    at Object.Module._extensions..js (node:internal/modules/cjs/loader:1124:10)[39m -- ⏰ [27/07/2021, 22:09:19] Label🏷️ 
[34minfo[39m: 	[34mconnected[39m -- ⏰ [27/07/2021, 22:09:22] Label🏷️ 
[34minfo[39m: 	[34mApp is running at 3012[39m -- ⏰ [27/07/2021, 22:09:22] Label🏷️ 
[31merror[39m: 	[31muncaughtException: listen EADDRINUSE: address already in use :::3012[39m
[31mError: listen EADDRINUSE: address already in use :::3012[39m
[31m    at Server.setupListenHandle [as _listen2] (node:net:1305:16)[39m
[31m    at listenInCluster (node:net:1353:12)[39m
[31m    at Server.listen (node:net:1440:7)[39m
[31m    at Function.listen (/Users/tina/Documents/nodejs-typescript-starter/node_modules/express/lib/application.js:618:24)[39m
[31m    at Object.<anonymous> (/Users/tina/Documents/nodejs-typescript-starter/src/bin/server.ts:10:5)[39m
[31m    at Module._compile (node:internal/modules/cjs/loader:1095:14)[39m
[31m    at Module.m._compile (/Users/tina/Documents/nodejs-typescript-starter/node_modules/ts-node/src/index.ts:1295:23)[39m
[31m    at Module._extensions..js (node:internal/modules/cjs/loader:1124:10)[39m
[31m    at Object.require.extensions.<computed> [as .ts] (/Users/tina/Documents/nodejs-typescript-starter/node_modules/ts-node/src/index.ts:1298:12)[39m
[31m    at Module.load (node:internal/modules/cjs/loader:975:32)[39m
[31m    at Function.Module._load (node:internal/modules/cjs/loader:816:12)[39m
[31m    at Function.executeUserEntryPoint [as runMain] (node:internal/modules/run_main:79:12)[39m
[31m    at main (/Users/tina/Documents/nodejs-typescript-starter/node_modules/ts-node/src/bin.ts:246:14)[39m
[31m    at Object.<anonymous> (/Users/tina/Documents/nodejs-typescript-starter/node_modules/ts-node/src/bin.ts:382:3)[39m
[31m    at Module._compile (node:internal/modules/cjs/loader:1095:14)[39m
[31m    at Object.Module._extensions..js (node:internal/modules/cjs/loader:1124:10)[39m -- ⏰ [27/07/2021, 22:09:33] Label🏷️ 
[34minfo[39m: 	[34mconnected[39m -- ⏰ [27/07/2021, 22:09:37] Label🏷️ 
[34minfo[39m: 	[34mApp is running at 3012[39m -- ⏰ [27/07/2021, 22:09:37] Label🏷️ 
[31merror[39m: 	[31muncaughtException: listen EADDRINUSE: address already in use :::3012[39m
[31mError: listen EADDRINUSE: address already in use :::3012[39m
[31m    at Server.setupListenHandle [as _listen2] (node:net:1305:16)[39m
[31m    at listenInCluster (node:net:1353:12)[39m
[31m    at Server.listen (node:net:1440:7)[39m
[31m    at Function.listen (/Users/tina/Documents/nodejs-typescript-starter/node_modules/express/lib/application.js:618:24)[39m
[31m    at Object.<anonymous> (/Users/tina/Documents/nodejs-typescript-starter/src/bin/server.ts:10:5)[39m
[31m    at Module._compile (node:internal/modules/cjs/loader:1095:14)[39m
[31m    at Module.m._compile (/Users/tina/Documents/nodejs-typescript-starter/node_modules/ts-node/src/index.ts:1295:23)[39m
[31m    at Module._extensions..js (node:internal/modules/cjs/loader:1124:10)[39m
[31m    at Object.require.extensions.<computed> [as .ts] (/Users/tina/Documents/nodejs-typescript-starter/node_modules/ts-node/src/index.ts:1298:12)[39m
[31m    at Module.load (node:internal/modules/cjs/loader:975:32)[39m
[31m    at Function.Module._load (node:internal/modules/cjs/loader:816:12)[39m
[31m    at Function.executeUserEntryPoint [as runMain] (node:internal/modules/run_main:79:12)[39m
[31m    at main (/Users/tina/Documents/nodejs-typescript-starter/node_modules/ts-node/src/bin.ts:246:14)[39m
[31m    at Object.<anonymous> (/Users/tina/Documents/nodejs-typescript-starter/node_modules/ts-node/src/bin.ts:382:3)[39m
[31m    at Module._compile (node:internal/modules/cjs/loader:1095:14)[39m
[31m    at Object.Module._extensions..js (node:internal/modules/cjs/loader:1124:10)[39m -- ⏰ [27/07/2021, 22:09:45] Label🏷️ 
[34minfo[39m: 	[34mconnected[39m -- ⏰ [27/07/2021, 22:09:49] Label🏷️ 
[34minfo[39m: 	[34mApp is running at 3012[39m -- ⏰ [27/07/2021, 22:09:49] Label🏷️ 
[31merror[39m: 	[31muncaughtException: listen EADDRINUSE: address already in use :::3012[39m
[31mError: listen EADDRINUSE: address already in use :::3012[39m
[31m    at Server.setupListenHandle [as _listen2] (node:net:1305:16)[39m
[31m    at listenInCluster (node:net:1353:12)[39m
[31m    at Server.listen (node:net:1440:7)[39m
[31m    at Function.listen (/Users/tina/Documents/nodejs-typescript-starter/node_modules/express/lib/application.js:618:24)[39m
[31m    at Object.<anonymous> (/Users/tina/Documents/nodejs-typescript-starter/src/bin/server.ts:10:5)[39m
[31m    at Module._compile (node:internal/modules/cjs/loader:1095:14)[39m
[31m    at Module.m._compile (/Users/tina/Documents/nodejs-typescript-starter/node_modules/ts-node/src/index.ts:1295:23)[39m
[31m    at Module._extensions..js (node:internal/modules/cjs/loader:1124:10)[39m
[31m    at Object.require.extensions.<computed> [as .ts] (/Users/tina/Documents/nodejs-typescript-starter/node_modules/ts-node/src/index.ts:1298:12)[39m
[31m    at Module.load (node:internal/modules/cjs/loader:975:32)[39m
[31m    at Function.Module._load (node:internal/modules/cjs/loader:816:12)[39m
[31m    at Function.executeUserEntryPoint [as runMain] (node:internal/modules/run_main:79:12)[39m
[31m    at main (/Users/tina/Documents/nodejs-typescript-starter/node_modules/ts-node/src/bin.ts:246:14)[39m
[31m    at Object.<anonymous> (/Users/tina/Documents/nodejs-typescript-starter/node_modules/ts-node/src/bin.ts:382:3)[39m
[31m    at Module._compile (node:internal/modules/cjs/loader:1095:14)[39m
[31m    at Object.Module._extensions..js (node:internal/modules/cjs/loader:1124:10)[39m -- ⏰ [27/07/2021, 22:10:21] Label🏷️ 
[31merror[39m: 	[31muncaughtException: listen EADDRINUSE: address already in use :::3012[39m
[31mError: listen EADDRINUSE: address already in use :::3012[39m
[31m    at Server.setupListenHandle [as _listen2] (node:net:1305:16)[39m
[31m    at listenInCluster (node:net:1353:12)[39m
[31m    at Server.listen (node:net:1440:7)[39m
[31m    at Function.listen (/Users/tina/Documents/nodejs-typescript-starter/node_modules/express/lib/application.js:618:24)[39m
[31m    at Object.<anonymous> (/Users/tina/Documents/nodejs-typescript-starter/src/bin/server.ts:10:5)[39m
[31m    at Module._compile (node:internal/modules/cjs/loader:1095:14)[39m
[31m    at Module.m._compile (/Users/tina/Documents/nodejs-typescript-starter/node_modules/ts-node/src/index.ts:1295:23)[39m
[31m    at Module._extensions..js (node:internal/modules/cjs/loader:1124:10)[39m
[31m    at Object.require.extensions.<computed> [as .ts] (/Users/tina/Documents/nodejs-typescript-starter/node_modules/ts-node/src/index.ts:1298:12)[39m
[31m    at Module.load (node:internal/modules/cjs/loader:975:32)[39m
[31m    at Function.Module._load (node:internal/modules/cjs/loader:816:12)[39m
[31m    at Function.executeUserEntryPoint [as runMain] (node:internal/modules/run_main:79:12)[39m
[31m    at main (/Users/tina/Documents/nodejs-typescript-starter/node_modules/ts-node/src/bin.ts:246:14)[39m
[31m    at Object.<anonymous> (/Users/tina/Documents/nodejs-typescript-starter/node_modules/ts-node/src/bin.ts:382:3)[39m
[31m    at Module._compile (node:internal/modules/cjs/loader:1095:14)[39m
[31m    at Object.Module._extensions..js (node:internal/modules/cjs/loader:1124:10)[39m -- ⏰ [27/07/2021, 22:10:28] Label🏷️ 
[34minfo[39m: 	[34mconnected[39m -- ⏰ [27/07/2021, 22:10:33] Label🏷️ 
[34minfo[39m: 	[34mApp is running at 3012[39m -- ⏰ [27/07/2021, 22:10:33] Label🏷️ 
[31merror[39m: 	[31muncaughtException: listen EADDRINUSE: address already in use :::3012[39m
[31mError: listen EADDRINUSE: address already in use :::3012[39m
[31m    at Server.setupListenHandle [as _listen2] (node:net:1305:16)[39m
[31m    at listenInCluster (node:net:1353:12)[39m
[31m    at Server.listen (node:net:1440:7)[39m
[31m    at Function.listen (/Users/tina/Documents/nodejs-typescript-starter/node_modules/express/lib/application.js:618:24)[39m
[31m    at Object.<anonymous> (/Users/tina/Documents/nodejs-typescript-starter/src/bin/server.ts:10:5)[39m
[31m    at Module._compile (node:internal/modules/cjs/loader:1095:14)[39m
[31m    at Module.m._compile (/Users/tina/Documents/nodejs-typescript-starter/node_modules/ts-node/src/index.ts:1295:23)[39m
[31m    at Module._extensions..js (node:internal/modules/cjs/loader:1124:10)[39m
[31m    at Object.require.extensions.<computed> [as .ts] (/Users/tina/Documents/nodejs-typescript-starter/node_modules/ts-node/src/index.ts:1298:12)[39m
[31m    at Module.load (node:internal/modules/cjs/loader:975:32)[39m
[31m    at Function.Module._load (node:internal/modules/cjs/loader:816:12)[39m
[31m    at Function.executeUserEntryPoint [as runMain] (node:internal/modules/run_main:79:12)[39m
[31m    at main (/Users/tina/Documents/nodejs-typescript-starter/node_modules/ts-node/src/bin.ts:246:14)[39m
[31m    at Object.<anonymous> (/Users/tina/Documents/nodejs-typescript-starter/node_modules/ts-node/src/bin.ts:382:3)[39m
[31m    at Module._compile (node:internal/modules/cjs/loader:1095:14)[39m
[31m    at Object.Module._extensions..js (node:internal/modules/cjs/loader:1124:10)[39m -- ⏰ [27/07/2021, 22:10:41] Label🏷️ 
[34minfo[39m: 	[34mconnected[39m -- ⏰ [27/07/2021, 22:10:45] Label🏷️ 
[34minfo[39m: 	[34mApp is running at 3012[39m -- ⏰ [27/07/2021, 22:10:45] Label🏷️ 
[31merror[39m: 	[31muncaughtException: listen EADDRINUSE: address already in use :::3012[39m
[31mError: listen EADDRINUSE: address already in use :::3012[39m
[31m    at Server.setupListenHandle [as _listen2] (node:net:1305:16)[39m
[31m    at listenInCluster (node:net:1353:12)[39m
[31m    at Server.listen (node:net:1440:7)[39m
[31m    at Function.listen (/Users/tina/Documents/nodejs-typescript-starter/node_modules/express/lib/application.js:618:24)[39m
[31m    at Object.<anonymous> (/Users/tina/Documents/nodejs-typescript-starter/src/bin/server.ts:10:5)[39m
[31m    at Module._compile (node:internal/modules/cjs/loader:1095:14)[39m
[31m    at Module.m._compile (/Users/tina/Documents/nodejs-typescript-starter/node_modules/ts-node/src/index.ts:1295:23)[39m
[31m    at Module._extensions..js (node:internal/modules/cjs/loader:1124:10)[39m
[31m    at Object.require.extensions.<computed> [as .ts] (/Users/tina/Documents/nodejs-typescript-starter/node_modules/ts-node/src/index.ts:1298:12)[39m
[31m    at Module.load (node:internal/modules/cjs/loader:975:32)[39m
[31m    at Function.Module._load (node:internal/modules/cjs/loader:816:12)[39m
[31m    at Function.executeUserEntryPoint [as runMain] (node:internal/modules/run_main:79:12)[39m
[31m    at main (/Users/tina/Documents/nodejs-typescript-starter/node_modules/ts-node/src/bin.ts:246:14)[39m
[31m    at Object.<anonymous> (/Users/tina/Documents/nodejs-typescript-starter/node_modules/ts-node/src/bin.ts:382:3)[39m
[31m    at Module._compile (node:internal/modules/cjs/loader:1095:14)[39m
[31m    at Object.Module._extensions..js (node:internal/modules/cjs/loader:1124:10)[39m -- ⏰ [27/07/2021, 22:10:58] Label🏷️ 
[34minfo[39m: 	[34mconnected[39m -- ⏰ [27/07/2021, 22:11:04] Label🏷️ 
[34minfo[39m: 	[34mApp is running at 3012[39m -- ⏰ [27/07/2021, 22:11:04] Label🏷️ 
[31merror[39m: 	[31muncaughtException: listen EADDRINUSE: address already in use :::3012[39m
[31mError: listen EADDRINUSE: address already in use :::3012[39m
[31m    at Server.setupListenHandle [as _listen2] (node:net:1305:16)[39m
[31m    at listenInCluster (node:net:1353:12)[39m
[31m    at Server.listen (node:net:1440:7)[39m
[31m    at Function.listen (/Users/tina/Documents/nodejs-typescript-starter/node_modules/express/lib/application.js:618:24)[39m
[31m    at Object.<anonymous> (/Users/tina/Documents/nodejs-typescript-starter/src/bin/server.ts:10:5)[39m
[31m    at Module._compile (node:internal/modules/cjs/loader:1095:14)[39m
[31m    at Module.m._compile (/Users/tina/Documents/nodejs-typescript-starter/node_modules/ts-node/src/index.ts:1295:23)[39m
[31m    at Module._extensions..js (node:internal/modules/cjs/loader:1124:10)[39m
[31m    at Object.require.extensions.<computed> [as .ts] (/Users/tina/Documents/nodejs-typescript-starter/node_modules/ts-node/src/index.ts:1298:12)[39m
[31m    at Module.load (node:internal/modules/cjs/loader:975:32)[39m
[31m    at Function.Module._load (node:internal/modules/cjs/loader:816:12)[39m
[31m    at Function.executeUserEntryPoint [as runMain] (node:internal/modules/run_main:79:12)[39m
[31m    at main (/Users/tina/Documents/nodejs-typescript-starter/node_modules/ts-node/src/bin.ts:246:14)[39m
[31m    at Object.<anonymous> (/Users/tina/Documents/nodejs-typescript-starter/node_modules/ts-node/src/bin.ts:382:3)[39m
[31m    at Module._compile (node:internal/modules/cjs/loader:1095:14)[39m
[31m    at Object.Module._extensions..js (node:internal/modules/cjs/loader:1124:10)[39m -- ⏰ [27/07/2021, 22:11:38] Label🏷️ 
[34minfo[39m: 	[34mconnected[39m -- ⏰ [27/07/2021, 22:11:46] Label🏷️ 
[34minfo[39m: 	[34mApp is running at 3012[39m -- ⏰ [27/07/2021, 22:11:46] Label🏷️ 
